# JRE version: Java(TM) SE Runtime Environment (8.0_181-b13) (build 1.8.0_181-b13)
# Java VM: Java HotSpot(TM) 64-Bit Server VM (25.181-b13 mixed mode windows-amd64 compressed oops)
Heap:
 PSYoungGen      total 141312K, used 93841K [0x00000000eab00000, 0x00000000f6f00000, 0x0000000100000000)
  eden space 116736K, 79% used [0x00000000eab00000,0x00000000f062c4a0,0x00000000f1d00000)
  from space 24576K, 1% used [0x00000000f5700000,0x00000000f5778000,0x00000000f6f00000)
  to   space 23040K, 0% used [0x00000000f1d00000,0x00000000f1d00000,0x00000000f3380000)
 ParOldGen       total 105472K, used 35812K [0x00000000c0000000, 0x00000000c6700000, 0x00000000eab00000)
  object space 105472K, 33% used [0x00000000c0000000,0x00000000c22f91f0,0x00000000c6700000)
 Metaspace       used 11329K, capacity 11926K, committed 12032K, reserved 1060864K
  class space    used 1368K, capacity 1523K, committed 1536K, reserved 1048576K
GC Heap History (10 events):
Event: 31.366 GC heap before
{Heap before GC invocations=5 (full 0):
 PSYoungGen      total 68608K, used 68608K [0x00000000eab00000, 0x00000000ef300000, 0x0000000100000000)
  eden space 63488K, 100% used [0x00000000eab00000,0x00000000ee900000,0x00000000ee900000)
  from space 5120K, 100% used [0x00000000eee00000,0x00000000ef300000,0x00000000ef300000)
  to   space 5120K, 0% used [0x00000000ee900000,0x00000000ee900000,0x00000000eee00000)
 ParOldGen       total 84992K, used 55651K [0x00000000c0000000, 0x00000000c5300000, 0x00000000eab00000)
  object space 84992K, 65% used [0x00000000c0000000,0x00000000c3658d58,0x00000000c5300000)
 Metaspace       used 10455K, capacity 11094K, committed 11264K, reserved 1058816K
  class space    used 1279K, capacity 1459K, committed 1536K, reserved 1048576K
Event: 31.511 GC heap after
Heap after GC invocations=5 (full 0):
 PSYoungGen      total 68608K, used 5120K [0x00000000eab00000, 0x00000000f5700000, 0x0000000100000000)
  eden space 63488K, 0% used [0x00000000eab00000,0x00000000eab00000,0x00000000ee900000)
  from space 5120K, 100% used [0x00000000ee900000,0x00000000eee00000,0x00000000eee00000)
  to   space 24576K, 0% used [0x00000000f3f00000,0x00000000f3f00000,0x00000000f5700000)
 ParOldGen       total 84992K, used 68852K [0x00000000c0000000, 0x00000000c5300000, 0x00000000eab00000)
  object space 84992K, 81% used [0x00000000c0000000,0x00000000c433d1e8,0x00000000c5300000)
 Metaspace       used 10455K, capacity 11094K, committed 11264K, reserved 1058816K
  class space    used 1279K, capacity 1459K, committed 1536K, reserved 1048576K
}
Event: 31.512 GC heap before
{Heap before GC invocations=6 (full 1):
 PSYoungGen      total 68608K, used 5120K [0x00000000eab00000, 0x00000000f5700000, 0x0000000100000000)
  eden space 63488K, 0% used [0x00000000eab00000,0x00000000eab00000,0x00000000ee900000)
  from space 5120K, 100% used [0x00000000ee900000,0x00000000eee00000,0x00000000eee00000)
  to   space 24576K, 0% used [0x00000000f3f00000,0x00000000f3f00000,0x00000000f5700000)
 ParOldGen       total 84992K, used 68852K [0x00000000c0000000, 0x00000000c5300000, 0x00000000eab00000)
  object space 84992K, 81% used [0x00000000c0000000,0x00000000c433d1e8,0x00000000c5300000)
 Metaspace       used 10455K, capacity 11094K, committed 11264K, reserved 1058816K
  class space    used 1279K, capacity 1459K, committed 1536K, reserved 1048576K
Event: 33.024 GC heap after
Heap after GC invocations=6 (full 1):
 PSYoungGen      total 68608K, used 0K [0x00000000eab00000, 0x00000000f5700000, 0x0000000100000000)
  eden space 63488K, 0% used [0x00000000eab00000,0x00000000eab00000,0x00000000ee900000)
  from space 5120K, 0% used [0x00000000ee900000,0x00000000ee900000,0x00000000eee00000)
  to   space 24576K, 0% used [0x00000000f3f00000,0x00000000f3f00000,0x00000000f5700000)
 ParOldGen       total 105472K, used 35812K [0x00000000c0000000, 0x00000000c6700000, 0x00000000eab00000)
  object space 105472K, 33% used [0x00000000c0000000,0x00000000c22f91f0,0x00000000c6700000)
 Metaspace       used 10455K, capacity 11094K, committed 11264K, reserved 1058816K
  class space    used 1279K, capacity 1459K, committed 1536K, reserved 1048576K
}
Event: 37.097 GC heap before
{Heap before GC invocations=7 (full 1):
 PSYoungGen      total 68608K, used 63488K [0x00000000eab00000, 0x00000000f5700000, 0x0000000100000000)
  eden space 63488K, 100% used [0x00000000eab00000,0x00000000ee900000,0x00000000ee900000)
  from space 5120K, 0% used [0x00000000ee900000,0x00000000ee900000,0x00000000eee00000)
  to   space 24576K, 0% used [0x00000000f3f00000,0x00000000f3f00000,0x00000000f5700000)
 ParOldGen       total 105472K, used 35812K [0x00000000c0000000, 0x00000000c6700000, 0x00000000eab00000)
  object space 105472K, 33% used [0x00000000c0000000,0x00000000c22f91f0,0x00000000c6700000)
 Metaspace       used 10793K, capacity 11446K, committed 11520K, reserved 1058816K
  class space    used 1319K, capacity 1491K, committed 1536K, reserved 1048576K
Event: 37.306 GC heap after
Heap after GC invocations=7 (full 1):
 PSYoungGen      total 111616K, used 10802K [0x00000000eab00000, 0x00000000f4a00000, 0x0000000100000000)
  eden space 100352K, 0% used [0x00000000eab00000,0x00000000eab00000,0x00000000f0d00000)
  from space 11264K, 95% used [0x00000000f3f00000,0x00000000f498c950,0x00000000f4a00000)
  to   space 23040K, 0% used [0x00000000f1d00000,0x00000000f1d00000,0x00000000f3380000)
 ParOldGen       total 105472K, used 35812K [0x00000000c0000000, 0x00000000c6700000, 0x00000000eab00000)
  object space 105472K, 33% used [0x00000000c0000000,0x00000000c22f91f0,0x00000000c6700000)
 Metaspace       used 10793K, capacity 11446K, committed 11520K, reserved 1058816K
  class space    used 1319K, capacity 1491K, committed 1536K, reserved 1048576K
}
Event: 43.227 GC heap before
{Heap before GC invocations=8 (full 1):
 PSYoungGen      total 111616K, used 111154K [0x00000000eab00000, 0x00000000f4a00000, 0x0000000100000000)
  eden space 100352K, 100% used [0x00000000eab00000,0x00000000f0d00000,0x00000000f0d00000)
  from space 11264K, 95% used [0x00000000f3f00000,0x00000000f498c950,0x00000000f4a00000)
  to   space 23040K, 0% used [0x00000000f1d00000,0x00000000f1d00000,0x00000000f3380000)
 ParOldGen       total 105472K, used 35812K [0x00000000c0000000, 0x00000000c6700000, 0x00000000eab00000)
  object space 105472K, 33% used [0x00000000c0000000,0x00000000c22f91f0,0x00000000c6700000)
 Metaspace       used 11305K, capacity 11926K, committed 12032K, reserved 1060864K
  class space    used 1368K, capacity 1523K, committed 1536K, reserved 1048576K
Event: 43.239 GC heap after
Heap after GC invocations=8 (full 1):
 PSYoungGen      total 139776K, used 765K [0x00000000eab00000, 0x00000000f6f00000, 0x0000000100000000)
  eden space 116736K, 0% used [0x00000000eab00000,0x00000000eab00000,0x00000000f1d00000)
  from space 23040K, 3% used [0x00000000f1d00000,0x00000000f1dbf730,0x00000000f3380000)
  to   space 24576K, 0% used [0x00000000f5700000,0x00000000f5700000,0x00000000f6f00000)
 ParOldGen       total 105472K, used 35812K [0x00000000c0000000, 0x00000000c6700000, 0x00000000eab00000)
  object space 105472K, 33% used [0x00000000c0000000,0x00000000c22f91f0,0x00000000c6700000)
 Metaspace       used 11305K, capacity 11926K, committed 12032K, reserved 1060864K
  class space    used 1368K, capacity 1523K, committed 1536K, reserved 1048576K
}
Event: 45.717 GC heap before
{Heap before GC invocations=9 (full 1):
 PSYoungGen      total 139776K, used 117501K [0x00000000eab00000, 0x00000000f6f00000, 0x0000000100000000)
  eden space 116736K, 100% used [0x00000000eab00000,0x00000000f1d00000,0x00000000f1d00000)
  from space 23040K, 3% used [0x00000000f1d00000,0x00000000f1dbf730,0x00000000f3380000)
  to   space 24576K, 0% used [0x00000000f5700000,0x00000000f5700000,0x00000000f6f00000)
 ParOldGen       total 105472K, used 35812K [0x00000000c0000000, 0x00000000c6700000, 0x00000000eab00000)
  object space 105472K, 33% used [0x00000000c0000000,0x00000000c22f91f0,0x00000000c6700000)
 Metaspace       used 11324K, capacity 11926K, committed 12032K, reserved 1060864K
  class space    used 1368K, capacity 1523K, committed 1536K, reserved 1048576K
Event: 45.741 GC heap after
Heap after GC invocations=9 (full 1):
 PSYoungGen      total 141312K, used 480K [0x00000000eab00000, 0x00000000f6f00000, 0x0000000100000000)
  eden space 116736K, 0% used [0x00000000eab00000,0x00000000eab00000,0x00000000f1d00000)
  from space 24576K, 1% used [0x00000000f5700000,0x00000000f5778000,0x00000000f6f00000)
  to   space 23040K, 0% used [0x00000000f1d00000,0x00000000f1d00000,0x00000000f3380000)
 ParOldGen       total 105472K, used 35812K [0x00000000c0000000, 0x00000000c6700000, 0x00000000eab00000)
  object space 105472K, 33% used [0x00000000c0000000,0x00000000c22f91f0,0x00000000c6700000)
 Metaspace       used 11324K, capacity 11926K, committed 12032K, reserved 1060864K
  class space    used 1368K, capacity 1523K, committed 1536K, reserved 1048576K
}

